<?xml version="1.0" encoding="UTF-8"?>
<!-- Generated by org.testng.reporters.JUnitXMLReporter -->
<testsuite ignored="0" hostname="DeTranss-MacBook-Pro.local" failures="0" tests="3" name="Submit Order Test" time="121.334" errors="0" timestamp="2025-02-27T19:27:48 IST">
  <testcase classname="Chethan.tests.StandaloneTest" name="submitOrder" time="42.144"/>
  <testcase classname="Chethan.tests.StandaloneTest" name="submitOrder" time="25.555"/>
  <testcase classname="Chethan.tests.StandaloneTest" name="orderHistoryTest" time="14.223"/>
</testsuite> <!-- Submit Order Test -->
